Tue 15 Aug 2023 19:48:07 choose_ball.py INFO 红球数量：7
Tue 15 Aug 2023 19:48:07 choose_ball.py INFO 蓝球数量：2
Tue 15 Aug 2023 19:48:07 choose_ball.py INFO 所选号码为：[6, 11, 16, 17, 21, 22, 27, 5, 11]
Wed 16 Aug 2023 10:21:55 choose_ball.py INFO 红球数量：7
Wed 16 Aug 2023 10:21:55 choose_ball.py INFO 蓝球数量：2
Wed 16 Aug 2023 10:21:55 choose_ball.py INFO 所选号码为：[8, 9, 16, 19, 20, 25, 27, 8, 16]
Wed 16 Aug 2023 10:36:18 choose_ball.py INFO 红球数量：7
Wed 16 Aug 2023 10:36:18 choose_ball.py INFO 蓝球数量：2
Wed 16 Aug 2023 10:36:18 choose_ball.py INFO 所选号码为：[9, 10, 16, 20, 22, 27, 28, 2, 10]
Wed 16 Aug 2023 10:37:38 choose_ball.py INFO 红球数量：7
Wed 16 Aug 2023 10:37:38 choose_ball.py INFO 蓝球数量：2
Wed 16 Aug 2023 10:37:38 choose_ball.py INFO 所选号码为：[10, 13, 14, 15, 27, 28, 30, 1, 13]
Wed 16 Aug 2023 14:31:57 choose_ball.py INFO 红球数量：7
Wed 16 Aug 2023 14:31:57 choose_ball.py INFO 蓝球数量：4
Wed 16 Aug 2023 14:31:57 choose_ball.py INFO 所选号码为：[7, 9, 10, 20, 30, 31, 32, 3, 4, 12, 13]
Wed 16 Aug 2023 14:33:54 choose_ball.py INFO 红球数量：6
Wed 16 Aug 2023 14:33:54 choose_ball.py INFO 蓝球数量：1
Wed 16 Aug 2023 14:33:54 choose_ball.py INFO 所选号码为：[1, 8, 14, 22, 28, 30, 8]
Wed 16 Aug 2023 14:35:10 choose_ball.py INFO 红球数量：8
Wed 16 Aug 2023 14:35:10 choose_ball.py INFO 蓝球数量：1
Wed 16 Aug 2023 14:35:10 choose_ball.py INFO 所选号码为：[1, 4, 8, 9, 20, 23, 24, 25, 2]
